17:42:02.913 [main] TRACE org.springframework.beans.BeanUtils - No property editor [org.springframework.boot.logging.LogLevelEditor] found for type org.springframework.boot.logging.LogLevel according to 'Editor' suffix convention
17:42:03.615 [main] INFO  com.example.test.App - Starting App on Aarons-MacBook-Pro.local with PID 27748 (/Users/aarongarcia/Documents/github/spring-web-services/pruebH2Spring/target/classes started by aarongarcia in /Users/aarongarcia/Documents/github/spring-web-services/pruebH2Spring)
17:42:03.621 [main] INFO  com.example.test.App - No active profile set, falling back to default profiles: default
17:42:04.880 [main] INFO  o.s.d.r.c.RepositoryConfigurationDelegate - Bootstrapping Spring Data JPA repositories in DEFERRED mode.
17:42:04.962 [main] INFO  o.s.d.r.c.RepositoryConfigurationDelegate - Finished Spring Data repository scanning in 67ms. Found 1 JPA repository interfaces.
17:42:06.051 [main] INFO  o.s.b.w.e.tomcat.TomcatWebServer - Tomcat initialized with port(s): 8090 (http)
17:42:06.070 [main] INFO  o.a.coyote.http11.Http11NioProtocol - Initializing ProtocolHandler ["http-nio-8090"]
17:42:06.070 [main] INFO  o.a.catalina.core.StandardService - Starting service [Tomcat]
17:42:06.071 [main] INFO  o.a.catalina.core.StandardEngine - Starting Servlet engine: [Apache Tomcat/9.0.37]
17:42:06.219 [main] INFO  o.a.c.c.C.[Tomcat].[localhost].[/] - Initializing Spring embedded WebApplicationContext
17:42:06.219 [main] INFO  o.s.b.w.s.c.ServletWebServerApplicationContext - Root WebApplicationContext: initialization completed in 2419 ms
17:42:06.337 [main] INFO  com.zaxxer.hikari.HikariDataSource - HikariPool-1 - Starting...
17:42:06.813 [main] INFO  com.zaxxer.hikari.HikariDataSource - HikariPool-1 - Start completed.
17:42:06.830 [main] INFO  o.s.b.a.h.H2ConsoleAutoConfiguration - H2 console available at '/h2-console'. Database available at 'jdbc:h2:mem:test'
17:42:07.043 [main] INFO  o.s.s.c.ThreadPoolTaskExecutor - Initializing ExecutorService 'applicationTaskExecutor'
17:42:07.156 [task-1] INFO  o.h.jpa.internal.util.LogHelper - HHH000204: Processing PersistenceUnitInfo [name: default]
17:42:07.251 [task-1] INFO  org.hibernate.Version - HHH000412: Hibernate ORM core version 5.4.18.Final
17:42:07.440 [main] WARN  o.s.b.a.o.j.JpaBaseConfiguration$JpaWebConfiguration - spring.jpa.open-in-view is enabled by default. Therefore, database queries may be performed during view rendering. Explicitly configure spring.jpa.open-in-view to disable this warning
17:42:07.562 [task-1] INFO  o.h.annotations.common.Version - HCANN000001: Hibernate Commons Annotations {5.1.0.Final}
17:42:08.064 [task-1] INFO  org.hibernate.dialect.Dialect - HHH000400: Using dialect: org.hibernate.dialect.H2Dialect
17:42:08.346 [main] INFO  o.a.coyote.http11.Http11NioProtocol - Starting ProtocolHandler ["http-nio-8090"]
17:42:08.478 [main] INFO  o.s.b.w.e.tomcat.TomcatWebServer - Tomcat started on port(s): 8090 (http) with context path ''
17:42:08.493 [main] INFO  o.s.d.r.c.DeferredRepositoryInitializationListener - Triggering deferred initialization of Spring Data repositories…
17:42:10.728 [task-1] INFO  o.h.e.t.j.p.i.JtaPlatformInitiator - HHH000490: Using JtaPlatform implementation: [org.hibernate.engine.transaction.jta.platform.internal.NoJtaPlatform]
17:42:10.745 [task-1] INFO  o.s.o.j.LocalContainerEntityManagerFactoryBean - Initialized JPA EntityManagerFactory for persistence unit 'default'
17:42:11.242 [main] INFO  o.s.d.r.c.DeferredRepositoryInitializationListener - Spring Data repositories initialized!
17:42:11.254 [main] INFO  com.example.test.App - Started App in 9.646 seconds (JVM running for 11.023)
17:42:19.514 [http-nio-8090-exec-1] INFO  o.a.c.c.C.[Tomcat].[localhost].[/] - Initializing Spring DispatcherServlet 'dispatcherServlet'
17:42:19.516 [http-nio-8090-exec-1] INFO  o.s.web.servlet.DispatcherServlet - Initializing Servlet 'dispatcherServlet'
17:42:19.538 [http-nio-8090-exec-1] INFO  o.s.web.servlet.DispatcherServlet - Completed initialization in 22 ms
17:42:21.343 [http-nio-8090-exec-1] INFO  c.e.test.controller.PersonController - getAllPersons() works OK
17:42:59.729 [http-nio-8090-exec-4] INFO  c.e.test.controller.PersonController - createPerson() works OK
17:43:02.294 [http-nio-8090-exec-5] INFO  c.e.test.controller.PersonController - getAllPersons() works OK
17:43:05.117 [http-nio-8090-exec-6] INFO  c.e.test.controller.PersonController - getAllPersons() works OK
17:43:16.496 [http-nio-8090-exec-8] INFO  c.e.test.controller.PersonController - getAllPersons() works OK
17:43:27.125 [http-nio-8090-exec-9] INFO  c.e.test.controller.PersonController - createPerson() works OK
17:43:30.515 [http-nio-8090-exec-10] ERROR c.e.test.controller.PersonController - deletePerson() does not work OK
17:43:33.396 [http-nio-8090-exec-2] INFO  c.e.test.controller.PersonController - getAllPersons() works OK
17:46:58.750 [SpringContextShutdownHook] INFO  o.s.o.j.LocalContainerEntityManagerFactoryBean - Closing JPA EntityManagerFactory for persistence unit 'default'
17:46:58.755 [SpringContextShutdownHook] INFO  o.h.t.s.i.SchemaDropperImpl$DelayedDropActionImpl - HHH000477: Starting delayed evictData of schema as part of SessionFactory shut-down'
17:46:58.775 [SpringContextShutdownHook] INFO  o.s.s.c.ThreadPoolTaskExecutor - Shutting down ExecutorService 'applicationTaskExecutor'
17:46:58.776 [SpringContextShutdownHook] INFO  com.zaxxer.hikari.HikariDataSource - HikariPool-1 - Shutdown initiated...
17:46:58.780 [SpringContextShutdownHook] INFO  com.zaxxer.hikari.HikariDataSource - HikariPool-1 - Shutdown completed.
